<?xml version="1.0" encoding="UTF-8"?>
<!-- Generated by org.testng.reporters.JUnitXMLReporter -->
<testsuite ignored="0" hostname="NTT-2QWCVT2" failures="0" tests="4" name="Surefire test" time="126.128" errors="0" timestamp="2025-08-12T06:40:21 SAST">
  <testcase classname="tests.OnlineOrderTest" name="testLogin" time="0.41"/>
  <testcase classname="tests.OnlineOrderTest" name="testAddToCart" time="0.128"/>
  <testcase classname="tests.OnlineOrderTest" name="testCheckout" time="0.33"/>
  <testcase classname="tests.OnlineOrderTest" name="testFinishOrder" time="0.071"/>
</testsuite> <!-- Surefire test -->
