<?xml version="1.0" encoding="UTF-8"?>
<testng-results ignored="0" total="4" passed="4" failed="0" skipped="0">
  <reporter-output>
  </reporter-output>
  <suite started-at="2025-08-12T06:38:15 SAST" name="Surefire suite" finished-at="2025-08-12T06:40:21 SAST" duration-ms="126128">
    <groups>
    </groups>
    <test started-at="2025-08-12T06:38:15 SAST" name="Surefire test" finished-at="2025-08-12T06:40:21 SAST" duration-ms="126128">
      <class name="tests.OnlineOrderTest">
        <test-method is-config="true" signature="setUp()[pri:0, instance:tests.OnlineOrderTest@1d082e88]" started-at="2025-08-12T06:38:15 SAST" name="setUp" finished-at="2025-08-12T06:40:19 SAST" duration-ms="124721" status="PASS">
          <reporter-output>
          </reporter-output>
        </test-method> <!-- setUp -->
        <test-method signature="testLogin()[pri:0, instance:tests.OnlineOrderTest@1d082e88]" started-at="2025-08-12T06:40:19 SAST" name="testLogin" finished-at="2025-08-12T06:40:20 SAST" duration-ms="410" status="PASS">
          <reporter-output>
          </reporter-output>
        </test-method> <!-- testLogin -->
        <test-method signature="testAddToCart()[pri:0, instance:tests.OnlineOrderTest@1d082e88]" started-at="2025-08-12T06:40:20 SAST" name="testAddToCart" finished-at="2025-08-12T06:40:20 SAST" depends-on-methods="tests.OnlineOrderTest.testLogin" duration-ms="128" status="PASS">
          <reporter-output>
          </reporter-output>
        </test-method> <!-- testAddToCart -->
        <test-method signature="testCheckout()[pri:0, instance:tests.OnlineOrderTest@1d082e88]" started-at="2025-08-12T06:40:20 SAST" name="testCheckout" finished-at="2025-08-12T06:40:20 SAST" depends-on-methods="tests.OnlineOrderTest.testAddToCart" duration-ms="330" status="PASS">
          <reporter-output>
          </reporter-output>
        </test-method> <!-- testCheckout -->
        <test-method signature="testFinishOrder()[pri:0, instance:tests.OnlineOrderTest@1d082e88]" started-at="2025-08-12T06:40:20 SAST" name="testFinishOrder" finished-at="2025-08-12T06:40:20 SAST" depends-on-methods="tests.OnlineOrderTest.testCheckout" duration-ms="71" status="PASS">
          <reporter-output>
          </reporter-output>
        </test-method> <!-- testFinishOrder -->
        <test-method is-config="true" signature="tearDown()[pri:0, instance:tests.OnlineOrderTest@1d082e88]" started-at="2025-08-12T06:40:20 SAST" name="tearDown" finished-at="2025-08-12T06:40:21 SAST" duration-ms="407" status="PASS">
          <reporter-output>
          </reporter-output>
        </test-method> <!-- tearDown -->
      </class> <!-- tests.OnlineOrderTest -->
    </test> <!-- Surefire test -->
  </suite> <!-- Surefire suite -->
</testng-results>
