<?xml version="1.0" encoding="UTF-8"?>
<testsuite xmlns:xsi="http://www.w3.org/2001/XMLSchema-instance" xsi:noNamespaceSchemaLocation="https://maven.apache.org/surefire/maven-surefire-plugin/xsd/surefire-test-report-3.0.xsd" version="3.0" name="tests.OnlineOrderTest" time="126.71" tests="4" errors="0" skipped="0" failures="0">
  <properties>
[...]
</properties>
  <testcase name="testLogin" classname="tests.OnlineOrderTest" time="0.41">
    <system-out><![CDATA[[REPORT] Navigated to https://www.saucedemo.com
[REPORT] Login successful and Products page loaded.
]]></system-out>
    <system-err><![CDATA[SLF4J: Failed to load class "org.slf4j.impl.StaticLoggerBinder".
SLF4J: Defaulting to no-operation (NOP) logger implementation
SLF4J: See http://www.slf4j.org/codes.html#StaticLoggerBinder for further details.
]]></system-err>
  </testcase>
  <testcase name="testAddToCart" classname="tests.OnlineOrderTest" time="0.133">
    <system-out><![CDATA[[REPORT] Item added to cart and navigated to Cart page.
]]></system-out>
  </testcase>
  <testcase name="testCheckout" classname="tests.OnlineOrderTest" time="0.331">
    <system-out><![CDATA[[REPORT] Checkout information entered.
]]></system-out>
  </testcase>
  <testcase name="testFinishOrder" classname="tests.OnlineOrderTest" time="0.074">
    <system-out><![CDATA[[REPORT] Order finished.
]]></system-out>
  </testcase>
</testsuite>